0 info it worked if it ends with ok
1 verbose cli [ '/usr/bin/node', '/usr/bin/npm', 'link', 'sourcemaps' ]
2 info using npm@1.4.28
3 info using node@v0.10.40
4 verbose install where,what [ '/usr/lib', [ 'sourcemaps' ] ]
5 verbose cache add [ 'sourcemaps', null ]
6 verbose cache add name=undefined spec="sourcemaps" args=["sourcemaps",null]
7 verbose parsed url { protocol: null,
7 verbose parsed url   slashes: null,
7 verbose parsed url   auth: null,
7 verbose parsed url   host: null,
7 verbose parsed url   port: null,
7 verbose parsed url   hostname: null,
7 verbose parsed url   hash: null,
7 verbose parsed url   search: null,
7 verbose parsed url   query: null,
7 verbose parsed url   pathname: 'sourcemaps',
7 verbose parsed url   path: 'sourcemaps',
7 verbose parsed url   href: 'sourcemaps' }
8 silly lockFile 714bbb20-sourcemaps sourcemaps
9 verbose lock sourcemaps /home/cxwfrqij/.npm/714bbb20-sourcemaps.lock
10 silly lockFile 714bbb20-sourcemaps sourcemaps
11 silly lockFile 714bbb20-sourcemaps sourcemaps
12 verbose addNamed [ 'sourcemaps', '' ]
13 verbose addNamed [ null, '*' ]
14 silly lockFile d29ce93b-sourcemaps sourcemaps@
15 verbose lock sourcemaps@ /home/cxwfrqij/.npm/d29ce93b-sourcemaps.lock
16 silly addNameRange { name: 'sourcemaps', range: '*', hasData: false }
17 verbose request where is /sourcemaps
18 verbose request registry https://registry.npmjs.org/
19 verbose request id a4c0994d513d39aa
20 verbose url raw /sourcemaps
21 verbose url resolving [ 'https://registry.npmjs.org/', './sourcemaps' ]
22 verbose url resolved https://registry.npmjs.org/sourcemaps
23 verbose request where is https://registry.npmjs.org/sourcemaps
24 info trying registry request attempt 1 at 23:56:07
25 http GET https://registry.npmjs.org/sourcemaps
26 http 404 https://registry.npmjs.org/sourcemaps
27 silly registry.get cb [ 404,
27 silly registry.get   { 'content-type': 'application/json',
27 silly registry.get     'cache-control': 'max-age=0',
27 silly registry.get     'content-length': '2',
27 silly registry.get     'accept-ranges': 'bytes',
27 silly registry.get     date: 'Thu, 03 Dec 2015 20:56:09 GMT',
27 silly registry.get     via: '1.1 varnish',
27 silly registry.get     age: '0',
27 silly registry.get     connection: 'keep-alive',
27 silly registry.get     'x-served-by': 'cache-fra1247-FRA',
27 silly registry.get     'x-cache': 'MISS',
27 silly registry.get     'x-cache-hits': '0',
27 silly registry.get     'x-timer': 'S1449176169.154411,VS0,VE748' } ]
28 silly lockFile d29ce93b-sourcemaps sourcemaps@
29 silly lockFile d29ce93b-sourcemaps sourcemaps@
30 error 404 Not Found
30 error 404
30 error 404 'sourcemaps' is not in the npm registry.
30 error 404 You should bug the author to publish it
30 error 404
30 error 404 Note that you can also install from a
30 error 404 tarball, folder, or http url, or git url.
31 error System Linux 2.6.32-604.30.3.lve1.3.63.el6.x86_64
32 error command "/usr/bin/node" "/usr/bin/npm" "link" "sourcemaps"
33 error cwd /home/cxwfrqij/public_html/sites/all/themes/druio_theme
34 error node -v v0.10.40
35 error npm -v 1.4.28
36 error code E404
37 verbose exit [ 1, true ]
